<?xml version="1.0" encoding="UTF-8"?>
<!-- Generated by org.testng.reporters.JUnitReportReporter -->
<testsuite hostname="DESKTOP-5K1FT68" failures="0" tests="1" name="com.Equarz.Testcases.Producttest" time="26.162" errors="0" timestamp="2023-09-15T17:08:56 IST" skipped="0">
  <testcase classname="com.Equarz.Testcases.Producttest" name="verifyurl" time="26.162"/>
</testsuite> <!-- com.Equarz.Testcases.Producttest -->
