<?xml version="1.0" encoding="UTF-8"?>
<!-- Generated by org.testng.reporters.JUnitReportReporter -->
<testsuite hostname="DESKTOP-5K1FT68" failures="0" tests="1" name="com.Equarz.Testcases.Signuptest" time="30.610" errors="0" timestamp="2023-09-15T14:02:01 IST" skipped="0">
  <testcase classname="com.Equarz.Testcases.Signuptest" name="verifyurl" time="30.610"/>
</testsuite> <!-- com.Equarz.Testcases.Signuptest -->
