<?xml version="1.0" encoding="UTF-8"?>
<!-- Generated by org.testng.reporters.JUnitReportReporter -->
<testsuite hostname="DESKTOP-5K1FT68" failures="0" tests="4" name="com.Equarz.Testcases.WishlistTest" time="131.576" errors="0" timestamp="2023-09-26T11:03:01 IST" skipped="0">
  <testcase classname="com.Equarz.Testcases.WishlistTest" name="searchwishlist" time="35.090"/>
  <testcase classname="com.Equarz.Testcases.WishlistTest" name="categorywishlist" time="32.249"/>
  <testcase classname="com.Equarz.Testcases.WishlistTest" name="bannerwishlist" time="34.685"/>
  <testcase classname="com.Equarz.Testcases.WishlistTest" name="homewishlist" time="29.552"/>
</testsuite> <!-- com.Equarz.Testcases.WishlistTest -->
