<?xml version="1.0" encoding="UTF-8"?>
<!-- Generated by org.testng.reporters.JUnitReportReporter -->
<testsuite hostname="DESKTOP-5K1FT68" failures="0" tests="1" name="com.Equarz.Testcases.Signuptest" time="25.614" errors="0" timestamp="2023-09-26T11:05:35 IST" skipped="0">
  <testcase classname="com.Equarz.Testcases.Signuptest" name="verifyurl" time="25.614"/>
</testsuite> <!-- com.Equarz.Testcases.Signuptest -->
